<?xml version="1.0" encoding="UTF-8"?>
<!-- Generated by org.testng.reporters.JUnitXMLReporter -->
<testsuite ignored="0" hostname="M5337769" failures="0" tests="3" name="Default test" time="15.67" errors="0" timestamp="2021-04-03T16:09:34 IST">
  <testcase classname="com.search.testcases.SearchMovieFunctionality" name="getFilterAPIResponse" time="1.027"/>
  <testcase classname="com.search.testcases.SearchMovieFunctionality" name="getAllTitlesfromWeb" time="14.139"/>
  <testcase classname="com.search.testcases.SearchMovieFunctionality" name="verifyApiResponseWithWebResult" time="0.004"/>
</testsuite> <!-- Default test -->
