<?xml version="1.0" encoding="UTF-8"?>
<testng-results ignored="0" total="3" passed="3" failed="0" skipped="0">
  <reporter-output>
  </reporter-output>
  <suite started-at="2021-04-03T16:09:19 IST" name="Default suite" finished-at="2021-04-03T16:09:34 IST" duration-ms="15670">
    <groups>
    </groups>
    <test started-at="2021-04-03T16:09:19 IST" name="Default test" finished-at="2021-04-03T16:09:34 IST" duration-ms="15670">
      <class name="com.search.testcases.SearchMovieFunctionality">
        <test-method is-config="true" signature="getData()[pri:0, instance:com.search.testcases.SearchMovieFunctionality@563e4951]" started-at="2021-04-03T16:09:19 IST" name="getData" finished-at="2021-04-03T16:09:19 IST" duration-ms="419" status="PASS">
          <reporter-output>
          </reporter-output>
        </test-method> <!-- getData -->
        <test-method signature="getFilterAPIResponse()[pri:1, instance:com.search.testcases.SearchMovieFunctionality@563e4951]" started-at="2021-04-03T16:09:19 IST" name="getFilterAPIResponse" finished-at="2021-04-03T16:09:20 IST" duration-ms="1027" status="PASS">
          <reporter-output>
          </reporter-output>
        </test-method> <!-- getFilterAPIResponse -->
        <test-method signature="getAllTitlesfromWeb()[pri:2, instance:com.search.testcases.SearchMovieFunctionality@563e4951]" started-at="2021-04-03T16:09:20 IST" name="getAllTitlesfromWeb" finished-at="2021-04-03T16:09:34 IST" duration-ms="14139" status="PASS">
          <reporter-output>
          </reporter-output>
        </test-method> <!-- getAllTitlesfromWeb -->
        <test-method signature="verifyApiResponseWithWebResult()[pri:3, instance:com.search.testcases.SearchMovieFunctionality@563e4951]" started-at="2021-04-03T16:09:34 IST" name="verifyApiResponseWithWebResult" finished-at="2021-04-03T16:09:34 IST" duration-ms="4" status="PASS">
          <reporter-output>
          </reporter-output>
        </test-method> <!-- verifyApiResponseWithWebResult -->
      </class> <!-- com.search.testcases.SearchMovieFunctionality -->
    </test> <!-- Default test -->
  </suite> <!-- Default suite -->
</testng-results>
